<?xml version="1.0" encoding="UTF-8"?>
<!-- Generated by org.testng.reporters.JUnitXMLReporter -->
<testsuite ignored="0" hostname="INHCLH-LHL0590" failures="2" tests="2" name="Surefire test" time="29.062" errors="0" timestamp="2022-12-02T17:29:25 IST">
  <testcase classname="io.cucumber.testng.AbstractTestNGCucumberTests" name="runScenario" time="25.428">
    <failure type="java.lang.AssertionError" message="expected [No data] but found [Beetroot]">
      <![CDATA[java.lang.AssertionError: expected [No data] but found [Beetroot]
at stepDefinations.OffersPageStepDefination.validate_if_products_are_matching(OffersPageStepDefination.java:45)
at ✽.Validate if both are matching or not(file:///D:/Selenium/FreshLearning/E2Ecucumber/src/test/java/features/searchProduct.feature:8)
... Removed 6 stack frames]]>
    </failure>
  </testcase> <!-- runScenario -->
  <testcase classname="io.cucumber.testng.AbstractTestNGCucumberTests" name="runScenario" time="26.955">
    <failure type="java.lang.AssertionError" message="expected [Tomato] but found [Cucumber]">
      <![CDATA[java.lang.AssertionError: expected [Tomato] but found [Cucumber]
at stepDefinations.OffersPageStepDefination.validate_if_products_are_matching(OffersPageStepDefination.java:45)
at ✽.Validate if both are matching or not(file:///D:/Selenium/FreshLearning/E2Ecucumber/src/test/java/features/searchProduct.feature:8)
... Removed 6 stack frames]]>
    </failure>
  </testcase> <!-- runScenario -->
</testsuite> <!-- Surefire test -->
