<?xml version="1.0" encoding="UTF-8"?>
<testng-results ignored="0" total="1" passed="0" failed="1" skipped="0">
  <reporter-output>
  </reporter-output>
  <suite started-at="2022-12-01T12:50:16 IST" name="Default suite" finished-at="2022-12-01T12:50:26 IST" duration-ms="9841">
    <groups>
      <group name="cucumber">
        <method signature="AbstractTestNGCucumberTests.runScenario(io.cucumber.testng.PickleWrapper,io.cucumber.testng.FeatureWrapper)[pri:0, instance:cucumberOptions.failedTestScenariosRerun@2b40ff9c]" name="runScenario" class="io.cucumber.testng.AbstractTestNGCucumberTests"/>
      </group> <!-- cucumber -->
    </groups>
    <test started-at="2022-12-01T12:50:16 IST" name="Default test" finished-at="2022-12-01T12:50:26 IST" duration-ms="9841">
      <class name="cucumberOptions.failedTestScenariosRerun">
        <test-method is-config="true" signature="setUpClass(org.testng.ITestContext)[pri:0, instance:cucumberOptions.failedTestScenariosRerun@2b40ff9c]" started-at="2022-12-01T12:50:16 IST" name="setUpClass" finished-at="2022-12-01T12:50:17 IST" duration-ms="479" status="PASS">
          <params>
            <param index="0">
              <value>
                <![CDATA[org.testng.TestRunner@e4b6f47]]>
              </value>
            </param>
          </params>
          <reporter-output>
          </reporter-output>
        </test-method> <!-- setUpClass -->
        <test-method signature="runScenario(io.cucumber.testng.PickleWrapper,io.cucumber.testng.FeatureWrapper)[pri:0, instance:cucumberOptions.failedTestScenariosRerun@2b40ff9c]" started-at="2022-12-01T12:50:17 IST" name="runScenario" description="Runs Cucumber Scenarios" data-provider="scenarios" finished-at="2022-12-01T12:50:26 IST" duration-ms="9117" status="FAIL">
          <params>
            <param index="0">
              <value>
                <![CDATA["Validating the search in product page and Offers page"]]>
              </value>
            </param>
            <param index="1">
              <value>
                <![CDATA["Search and place the order for products"]]>
              </value>
            </param>
          </params>
          <exception class="java.lang.AssertionError">
            <message>
              <![CDATA[expected [No data] but found [Beetroot]]]>
            </message>
            <full-stacktrace>
              <![CDATA[java.lang.AssertionError: expected [No data] but found [Beetroot]
at org.testng.Assert.fail(Assert.java:110)
at org.testng.Assert.failNotEquals(Assert.java:1413)
at org.testng.Assert.assertEqualsImpl(Assert.java:149)
at org.testng.Assert.assertEquals(Assert.java:131)
at org.testng.Assert.assertEquals(Assert.java:655)
at org.testng.Assert.assertEquals(Assert.java:665)
at stepDefinations.OffersPageStepDefination.validate_if_products_are_matching(OffersPageStepDefination.java:45)
at âœ½.Validate if both are matching or not(file:///D:/Selenium/FreshLearning/E2Ecucumber/src/test/java/features/searchProduct.feature:8)
]]>
            </full-stacktrace>
          </exception> <!-- java.lang.AssertionError -->
          <reporter-output>
          </reporter-output>
        </test-method> <!-- runScenario -->
        <test-method is-config="true" signature="tearDownClass()[pri:0, instance:cucumberOptions.failedTestScenariosRerun@2b40ff9c]" started-at="2022-12-01T12:50:26 IST" name="tearDownClass" finished-at="2022-12-01T12:50:26 IST" duration-ms="214" status="PASS">
          <reporter-output>
          </reporter-output>
        </test-method> <!-- tearDownClass -->
      </class> <!-- cucumberOptions.failedTestScenariosRerun -->
    </test> <!-- Default test -->
  </suite> <!-- Default suite -->
</testng-results>
